[01m[K/home/tony/progetti_ros/RP/ws/arm_sim/src/arm_node.cpp:[m[K In constructor â€˜[01m[KArmNode::[01;32m[KArmNode[m[K()[m[Kâ€™:
[01m[K/home/tony/progetti_ros/RP/ws/arm_sim/src/arm_node.cpp:38:52:[m[K [01;31m[Kerror: [m[Kâ€˜[01m[Ktrajectory[m[Kâ€™ was not declared in this scope
   38 |         trajectory_points_ = interpolateTrajectory([01;31m[Ktrajectory[m[K, 20);
      |                                                    [01;31m[K^~~~~~~~~~[m[K
gmake[2]: *** [CMakeFiles/arm_node.dir/build.make:76: CMakeFiles/arm_node.dir/src/arm_node.cpp.o] Error 1
gmake[1]: *** [CMakeFiles/Makefile2:137: CMakeFiles/arm_node.dir/all] Error 2
gmake: *** [Makefile:146: all] Error 2
