[01m[K/home/tony/progetti_ros/RP/ws/arm_sim/src/kinematics.cpp:[m[K In function â€˜[01m[Kvoid[01;32m[K ik_step[m[K(std::vector<std::array<double, 4> >&, const Eigen::Vector3d&)[m[Kâ€™:
[01m[K/home/tony/progetti_ros/RP/ws/arm_sim/src/kinematics.cpp:85:9:[m[K [01;31m[Kerror: [m[Kâ€˜[01m[Kjoints_[m[Kâ€™ was not declared in this scope; did you mean â€˜[01m[Kjoints[m[Kâ€™?
   85 |         [01;31m[Kjoints_[m[K[i][3] = wrapToPi(joints_[i][3]);
      |         [01;31m[K^~~~~~~[m[K
      |         [32m[Kjoints[m[K
gmake[2]: *** [CMakeFiles/arm_node.dir/build.make:90: CMakeFiles/arm_node.dir/src/kinematics.cpp.o] Error 1
gmake[2]: *** Waiting for unfinished jobs....
gmake[1]: *** [CMakeFiles/Makefile2:137: CMakeFiles/arm_node.dir/all] Error 2
gmake: *** [Makefile:146: all] Error 2
