[0.069s] Invoking command in '/home/tony/progetti_ros/RP/ws/build/arm_sim': CMAKE_PREFIX_PATH=${CMAKE_PREFIX_PATH}:/home/tony/ros2_jazzy/install/rqt_bag_plugins:/home/tony/ros2_jazzy/install/rqt_bag:/home/tony/ros2_jazzy/install/rosbag2_examples_py:/home/tony/ros2_jazzy/install/launch_testing_examples:/home/tony/ros2_jazzy/install/ros2bag:/home/tony/ros2_jazzy/install/tracetools_test:/home/tony/ros2_jazzy/install/tracetools_launch:/home/tony/ros2_jazzy/install/topic_monitor:/home/tony/ros2_jazzy/install/tf2_tools:/home/tony/ros2_jazzy/install/examples_tf2_py:/home/tony/ros2_jazzy/install/tf2_ros_py:/home/tony/ros2_jazzy/install/examples_rclpy_pointcloud_publisher:/home/tony/ros2_jazzy/install/sensor_msgs_py:/home/tony/ros2_jazzy/install/quality_of_service_demo_py:/home/tony/ros2_jazzy/install/camera_info_manager_py:/home/tony/ros2_jazzy/install/rqt_plot:/home/tony/ros2_jazzy/install/ros2doctor:/home/tony/ros2_jazzy/install/lifecycle_py:/home/tony/ros2_jazzy/install/examples_rclpy_minimal_subscriber:/home/tony/ros2_jazzy/install/examples_rclpy_minimal_service:/home/tony/ros2_jazzy/install/examples_rclpy_minimal_publisher:/home/tony/ros2_jazzy/install/examples_rclpy_minimal_client:/home/tony/ros2_jazzy/install/examples_rclpy_executors:/home/tony/ros2_jazzy/install/demo_nodes_py:/home/tony/ros2_jazzy/install/rqt:/home/tony/ros2_jazzy/install/ros2component:/home/tony/ros2_jazzy/install/sros2:/home/tony/ros2_jazzy/install/rqt_topic:/home/tony/ros2_jazzy/install/rqt_srv:/home/tony/ros2_jazzy/install/rqt_shell:/home/tony/ros2_jazzy/install/rqt_service_caller:/home/tony/ros2_jazzy/install/rqt_reconfigure:/home/tony/ros2_jazzy/install/rqt_py_console:/home/tony/ros2_jazzy/install/rqt_publisher:/home/tony/ros2_jazzy/install/rqt_action:/home/tony/ros2_jazzy/install/rqt_msg:/home/tony/ros2_jazzy/install/rqt_console:/home/tony/ros2_jazzy/install/rqt_graph:/home/tony/ros2_jazzy/install/rqt_gui_py:/home/tony/ros2_jazzy/install/rqt_gui:/home/tony/ros2_jazzy/install/ros2trace:/home/tony/ros2_jazzy/install/ros2param:/home/tony/ros2_jazzy/install/ros2lifecycle:/home/tony/ros2_jazzy/install/ros2service:/home/tony/ros2_jazzy/install/ros2topic:/home/tony/ros2_jazzy/install/ros2test:/home/tony/ros2_jazzy/install/ros2run:/home/tony/ros2_jazzy/install/ros2plugin:/home/tony/ros2_jazzy/install/ros2launch:/home/tony/ros2_jazzy/install/ros2pkg:/home/tony/ros2_jazzy/install/ros2node:/home/tony/ros2_jazzy/install/ros2multicast:/home/tony/ros2_jazzy/install/ros2interface:/home/tony/ros2_jazzy/install/ros2action:/home/tony/ros2_jazzy/install/ros2cli:/home/tony/ros2_jazzy/install/launch_testing_ros:/home/tony/ros2_jazzy/install/launch_ros:/home/tony/ros2_jazzy/install/examples_rclpy_minimal_action_server:/home/tony/ros2_jazzy/install/examples_rclpy_minimal_action_client:/home/tony/ros2_jazzy/install/examples_rclpy_guard_conditions:/home/tony/ros2_jazzy/install/action_tutorials_py:/home/tony/ros2_jazzy/install/ament_uncrustify:/home/tony/ros2_jazzy/install/tracetools_trace:/home/tony/ros2_jazzy/install/tracetools_read:/home/tony/ros2_jazzy/install/test_tracetools_launch:/home/tony/ros2_jazzy/install/test_ros2trace:/home/tony/ros2_jazzy/install/test_launch_ros:/home/tony/ros2_jazzy/install/rpyutils:/home/tony/ros2_jazzy/install/rosidl_runtime_py:/home/tony/ros2_jazzy/install/rosidl_pycommon:/home/tony/ros2_jazzy/install/rosidl_cli:/home/tony/ros2_jazzy/install/launch_pytest:/home/tony/ros2_jazzy/install/launch_testing:/home/tony/ros2_jazzy/install/launch_yaml:/home/tony/ros2_jazzy/install/launch_xml:/home/tony/ros2_jazzy/install/launch:/home/tony/ros2_jazzy/install/osrf_pycommon:/home/tony/ros2_jazzy/install/domain_coordinator:/home/tony/ros2_jazzy/install/ament_xmllint:/home/tony/ros2_jazzy/install/ament_pyflakes:/home/tony/ros2_jazzy/install/ament_pycodestyle:/home/tony/ros2_jazzy/install/ament_pep257:/home/tony/ros2_jazzy/install/ament_pclint:/home/tony/ros2_jazzy/install/ament_package:/home/tony/ros2_jazzy/install/ament_mypy:/home/tony/ros2_jazzy/install/ament_lint_cmake:/home/tony/ros2_jazzy/install/ament_flake8:/home/tony/ros2_jazzy/install/ament_copyright:/home/tony/ros2_jazzy/install/ament_lint:/home/tony/ros2_jazzy/install/ament_index_python:/home/tony/ros2_jazzy/install/ament_cpplint:/home/tony/ros2_jazzy/install/ament_cppcheck:/home/tony/ros2_jazzy/install/ament_clang_tidy:/home/tony/ros2_jazzy/install/ament_clang_format DEBUGINFOD_URLS=https://debuginfod.ubuntu.com /usr/bin/cmake --build /home/tony/progetti_ros/RP/ws/build/arm_sim -- -j4 -l4
[0.316s] [ 25%] [32mBuilding CXX object CMakeFiles/arm_node.dir/src/arm_node.cpp.o[0m
[0.317s] [ 50%] [32mBuilding CXX object CMakeFiles/arm_node.dir/src/kinematics.cpp.o[0m
[5.300s] [01m[K/home/tony/progetti_ros/RP/ws/arm_sim/src/kinematics.cpp:[m[K In function â€˜[01m[Kvoid[01;32m[K ik_step[m[K(std::vector<std::array<double, 4> >&, const Eigen::Vector3d&)[m[Kâ€™:
[5.300s] [01m[K/home/tony/progetti_ros/RP/ws/arm_sim/src/kinematics.cpp:85:9:[m[K [01;31m[Kerror: [m[Kâ€˜[01m[Kjoints_[m[Kâ€™ was not declared in this scope; did you mean â€˜[01m[Kjoints[m[Kâ€™?
[5.302s]    85 |         [01;31m[Kjoints_[m[K[i][3] = wrapToPi(joints_[i][3]);
[5.303s]       |         [01;31m[K^~~~~~~[m[K
[5.303s]       |         [32m[Kjoints[m[K
[10.776s] gmake[2]: *** [CMakeFiles/arm_node.dir/build.make:90: CMakeFiles/arm_node.dir/src/kinematics.cpp.o] Error 1
[10.777s] gmake[2]: *** Waiting for unfinished jobs....
[12.614s] gmake[1]: *** [CMakeFiles/Makefile2:137: CMakeFiles/arm_node.dir/all] Error 2
[12.615s] gmake: *** [Makefile:146: all] Error 2
[12.617s] Invoked command in '/home/tony/progetti_ros/RP/ws/build/arm_sim' returned '2': CMAKE_PREFIX_PATH=${CMAKE_PREFIX_PATH}:/home/tony/ros2_jazzy/install/rqt_bag_plugins:/home/tony/ros2_jazzy/install/rqt_bag:/home/tony/ros2_jazzy/install/rosbag2_examples_py:/home/tony/ros2_jazzy/install/launch_testing_examples:/home/tony/ros2_jazzy/install/ros2bag:/home/tony/ros2_jazzy/install/tracetools_test:/home/tony/ros2_jazzy/install/tracetools_launch:/home/tony/ros2_jazzy/install/topic_monitor:/home/tony/ros2_jazzy/install/tf2_tools:/home/tony/ros2_jazzy/install/examples_tf2_py:/home/tony/ros2_jazzy/install/tf2_ros_py:/home/tony/ros2_jazzy/install/examples_rclpy_pointcloud_publisher:/home/tony/ros2_jazzy/install/sensor_msgs_py:/home/tony/ros2_jazzy/install/quality_of_service_demo_py:/home/tony/ros2_jazzy/install/camera_info_manager_py:/home/tony/ros2_jazzy/install/rqt_plot:/home/tony/ros2_jazzy/install/ros2doctor:/home/tony/ros2_jazzy/install/lifecycle_py:/home/tony/ros2_jazzy/install/examples_rclpy_minimal_subscriber:/home/tony/ros2_jazzy/install/examples_rclpy_minimal_service:/home/tony/ros2_jazzy/install/examples_rclpy_minimal_publisher:/home/tony/ros2_jazzy/install/examples_rclpy_minimal_client:/home/tony/ros2_jazzy/install/examples_rclpy_executors:/home/tony/ros2_jazzy/install/demo_nodes_py:/home/tony/ros2_jazzy/install/rqt:/home/tony/ros2_jazzy/install/ros2component:/home/tony/ros2_jazzy/install/sros2:/home/tony/ros2_jazzy/install/rqt_topic:/home/tony/ros2_jazzy/install/rqt_srv:/home/tony/ros2_jazzy/install/rqt_shell:/home/tony/ros2_jazzy/install/rqt_service_caller:/home/tony/ros2_jazzy/install/rqt_reconfigure:/home/tony/ros2_jazzy/install/rqt_py_console:/home/tony/ros2_jazzy/install/rqt_publisher:/home/tony/ros2_jazzy/install/rqt_action:/home/tony/ros2_jazzy/install/rqt_msg:/home/tony/ros2_jazzy/install/rqt_console:/home/tony/ros2_jazzy/install/rqt_graph:/home/tony/ros2_jazzy/install/rqt_gui_py:/home/tony/ros2_jazzy/install/rqt_gui:/home/tony/ros2_jazzy/install/ros2trace:/home/tony/ros2_jazzy/install/ros2param:/home/tony/ros2_jazzy/install/ros2lifecycle:/home/tony/ros2_jazzy/install/ros2service:/home/tony/ros2_jazzy/install/ros2topic:/home/tony/ros2_jazzy/install/ros2test:/home/tony/ros2_jazzy/install/ros2run:/home/tony/ros2_jazzy/install/ros2plugin:/home/tony/ros2_jazzy/install/ros2launch:/home/tony/ros2_jazzy/install/ros2pkg:/home/tony/ros2_jazzy/install/ros2node:/home/tony/ros2_jazzy/install/ros2multicast:/home/tony/ros2_jazzy/install/ros2interface:/home/tony/ros2_jazzy/install/ros2action:/home/tony/ros2_jazzy/install/ros2cli:/home/tony/ros2_jazzy/install/launch_testing_ros:/home/tony/ros2_jazzy/install/launch_ros:/home/tony/ros2_jazzy/install/examples_rclpy_minimal_action_server:/home/tony/ros2_jazzy/install/examples_rclpy_minimal_action_client:/home/tony/ros2_jazzy/install/examples_rclpy_guard_conditions:/home/tony/ros2_jazzy/install/action_tutorials_py:/home/tony/ros2_jazzy/install/ament_uncrustify:/home/tony/ros2_jazzy/install/tracetools_trace:/home/tony/ros2_jazzy/install/tracetools_read:/home/tony/ros2_jazzy/install/test_tracetools_launch:/home/tony/ros2_jazzy/install/test_ros2trace:/home/tony/ros2_jazzy/install/test_launch_ros:/home/tony/ros2_jazzy/install/rpyutils:/home/tony/ros2_jazzy/install/rosidl_runtime_py:/home/tony/ros2_jazzy/install/rosidl_pycommon:/home/tony/ros2_jazzy/install/rosidl_cli:/home/tony/ros2_jazzy/install/launch_pytest:/home/tony/ros2_jazzy/install/launch_testing:/home/tony/ros2_jazzy/install/launch_yaml:/home/tony/ros2_jazzy/install/launch_xml:/home/tony/ros2_jazzy/install/launch:/home/tony/ros2_jazzy/install/osrf_pycommon:/home/tony/ros2_jazzy/install/domain_coordinator:/home/tony/ros2_jazzy/install/ament_xmllint:/home/tony/ros2_jazzy/install/ament_pyflakes:/home/tony/ros2_jazzy/install/ament_pycodestyle:/home/tony/ros2_jazzy/install/ament_pep257:/home/tony/ros2_jazzy/install/ament_pclint:/home/tony/ros2_jazzy/install/ament_package:/home/tony/ros2_jazzy/install/ament_mypy:/home/tony/ros2_jazzy/install/ament_lint_cmake:/home/tony/ros2_jazzy/install/ament_flake8:/home/tony/ros2_jazzy/install/ament_copyright:/home/tony/ros2_jazzy/install/ament_lint:/home/tony/ros2_jazzy/install/ament_index_python:/home/tony/ros2_jazzy/install/ament_cpplint:/home/tony/ros2_jazzy/install/ament_cppcheck:/home/tony/ros2_jazzy/install/ament_clang_tidy:/home/tony/ros2_jazzy/install/ament_clang_format DEBUGINFOD_URLS=https://debuginfod.ubuntu.com /usr/bin/cmake --build /home/tony/progetti_ros/RP/ws/build/arm_sim -- -j4 -l4
