[0.060s] Invoking command in '/home/tony/progetti_ros/RP/ws/build/arm_sim': CMAKE_PREFIX_PATH=${CMAKE_PREFIX_PATH}:/home/tony/ros2_jazzy/install/rqt_bag_plugins:/home/tony/ros2_jazzy/install/rqt_bag:/home/tony/ros2_jazzy/install/rosbag2_examples_py:/home/tony/ros2_jazzy/install/launch_testing_examples:/home/tony/ros2_jazzy/install/ros2bag:/home/tony/ros2_jazzy/install/tracetools_test:/home/tony/ros2_jazzy/install/tracetools_launch:/home/tony/ros2_jazzy/install/topic_monitor:/home/tony/ros2_jazzy/install/tf2_tools:/home/tony/ros2_jazzy/install/examples_tf2_py:/home/tony/ros2_jazzy/install/tf2_ros_py:/home/tony/ros2_jazzy/install/examples_rclpy_pointcloud_publisher:/home/tony/ros2_jazzy/install/sensor_msgs_py:/home/tony/ros2_jazzy/install/quality_of_service_demo_py:/home/tony/ros2_jazzy/install/camera_info_manager_py:/home/tony/ros2_jazzy/install/rqt_plot:/home/tony/ros2_jazzy/install/ros2doctor:/home/tony/ros2_jazzy/install/lifecycle_py:/home/tony/ros2_jazzy/install/examples_rclpy_minimal_subscriber:/home/tony/ros2_jazzy/install/examples_rclpy_minimal_service:/home/tony/ros2_jazzy/install/examples_rclpy_minimal_publisher:/home/tony/ros2_jazzy/install/examples_rclpy_minimal_client:/home/tony/ros2_jazzy/install/examples_rclpy_executors:/home/tony/ros2_jazzy/install/demo_nodes_py:/home/tony/ros2_jazzy/install/rqt:/home/tony/ros2_jazzy/install/ros2component:/home/tony/ros2_jazzy/install/sros2:/home/tony/ros2_jazzy/install/rqt_topic:/home/tony/ros2_jazzy/install/rqt_srv:/home/tony/ros2_jazzy/install/rqt_shell:/home/tony/ros2_jazzy/install/rqt_service_caller:/home/tony/ros2_jazzy/install/rqt_reconfigure:/home/tony/ros2_jazzy/install/rqt_py_console:/home/tony/ros2_jazzy/install/rqt_publisher:/home/tony/ros2_jazzy/install/rqt_action:/home/tony/ros2_jazzy/install/rqt_msg:/home/tony/ros2_jazzy/install/rqt_console:/home/tony/ros2_jazzy/install/rqt_graph:/home/tony/ros2_jazzy/install/rqt_gui_py:/home/tony/ros2_jazzy/install/rqt_gui:/home/tony/ros2_jazzy/install/ros2trace:/home/tony/ros2_jazzy/install/ros2param:/home/tony/ros2_jazzy/install/ros2lifecycle:/home/tony/ros2_jazzy/install/ros2service:/home/tony/ros2_jazzy/install/ros2topic:/home/tony/ros2_jazzy/install/ros2test:/home/tony/ros2_jazzy/install/ros2run:/home/tony/ros2_jazzy/install/ros2plugin:/home/tony/ros2_jazzy/install/ros2launch:/home/tony/ros2_jazzy/install/ros2pkg:/home/tony/ros2_jazzy/install/ros2node:/home/tony/ros2_jazzy/install/ros2multicast:/home/tony/ros2_jazzy/install/ros2interface:/home/tony/ros2_jazzy/install/ros2action:/home/tony/ros2_jazzy/install/ros2cli:/home/tony/ros2_jazzy/install/launch_testing_ros:/home/tony/ros2_jazzy/install/launch_ros:/home/tony/ros2_jazzy/install/examples_rclpy_minimal_action_server:/home/tony/ros2_jazzy/install/examples_rclpy_minimal_action_client:/home/tony/ros2_jazzy/install/examples_rclpy_guard_conditions:/home/tony/ros2_jazzy/install/action_tutorials_py:/home/tony/ros2_jazzy/install/ament_uncrustify:/home/tony/ros2_jazzy/install/tracetools_trace:/home/tony/ros2_jazzy/install/tracetools_read:/home/tony/ros2_jazzy/install/test_tracetools_launch:/home/tony/ros2_jazzy/install/test_ros2trace:/home/tony/ros2_jazzy/install/test_launch_ros:/home/tony/ros2_jazzy/install/rpyutils:/home/tony/ros2_jazzy/install/rosidl_runtime_py:/home/tony/ros2_jazzy/install/rosidl_pycommon:/home/tony/ros2_jazzy/install/rosidl_cli:/home/tony/ros2_jazzy/install/launch_pytest:/home/tony/ros2_jazzy/install/launch_testing:/home/tony/ros2_jazzy/install/launch_yaml:/home/tony/ros2_jazzy/install/launch_xml:/home/tony/ros2_jazzy/install/launch:/home/tony/ros2_jazzy/install/osrf_pycommon:/home/tony/ros2_jazzy/install/domain_coordinator:/home/tony/ros2_jazzy/install/ament_xmllint:/home/tony/ros2_jazzy/install/ament_pyflakes:/home/tony/ros2_jazzy/install/ament_pycodestyle:/home/tony/ros2_jazzy/install/ament_pep257:/home/tony/ros2_jazzy/install/ament_pclint:/home/tony/ros2_jazzy/install/ament_package:/home/tony/ros2_jazzy/install/ament_mypy:/home/tony/ros2_jazzy/install/ament_lint_cmake:/home/tony/ros2_jazzy/install/ament_flake8:/home/tony/ros2_jazzy/install/ament_copyright:/home/tony/ros2_jazzy/install/ament_lint:/home/tony/ros2_jazzy/install/ament_index_python:/home/tony/ros2_jazzy/install/ament_cpplint:/home/tony/ros2_jazzy/install/ament_cppcheck:/home/tony/ros2_jazzy/install/ament_clang_tidy:/home/tony/ros2_jazzy/install/ament_clang_format DEBUGINFOD_URLS=https://debuginfod.ubuntu.com /usr/bin/cmake --build /home/tony/progetti_ros/RP/ws/build/arm_sim -- -j4 -l4
[0.122s] -- Found ament_cmake: 2.5.4 (/home/tony/ros2_jazzy/install/ament_cmake/share/ament_cmake/cmake)
[1.060s] -- Override CMake install command with custom implementation using symlinks instead of copying resources
[1.071s] -- Found rclcpp: 28.1.12 (/home/tony/ros2_jazzy/install/rclcpp/share/rclcpp/cmake)
[1.141s] -- Found rosidl_generator_c: 4.6.6 (/home/tony/ros2_jazzy/install/rosidl_generator_c/share/rosidl_generator_c/cmake)
[1.156s] -- Found rosidl_generator_cpp: 4.6.6 (/home/tony/ros2_jazzy/install/rosidl_generator_cpp/share/rosidl_generator_cpp/cmake)
[1.215s] -- Using all available rosidl_typesupport_c: rosidl_typesupport_introspection_c;rosidl_typesupport_fastrtps_c
[1.274s] -- Using all available rosidl_typesupport_cpp: rosidl_typesupport_introspection_cpp;rosidl_typesupport_fastrtps_cpp
[1.418s] -- Found rmw_implementation_cmake: 7.3.2 (/home/tony/ros2_jazzy/install/rmw_implementation_cmake/share/rmw_implementation_cmake/cmake)
[1.459s] -- Found rmw_fastrtps_cpp: 8.4.3 (/home/tony/ros2_jazzy/install/rmw_fastrtps_cpp/share/rmw_fastrtps_cpp/cmake)
[1.619s] -- Using RMW implementation 'rmw_fastrtps_cpp' as default
[1.740s] -- Found std_msgs: 5.3.6 (/home/tony/ros2_jazzy/install/std_msgs/share/std_msgs/cmake)
[1.764s] -- Found sensor_msgs: 5.3.6 (/home/tony/ros2_jazzy/install/sensor_msgs/share/sensor_msgs/cmake)
[1.858s] -- Found ament_lint_auto: 0.17.3 (/home/tony/ros2_jazzy/install/ament_lint_auto/share/ament_lint_auto/cmake)
[2.136s] -- Added test 'cppcheck' to perform static code analysis on C / C++ code
[2.137s] -- Configured cppcheck include dirs: /home/tony/progetti_ros/RP/ws/arm_sim/include
[2.137s] -- Configured cppcheck exclude dirs and/or files: 
[2.138s] -- Added test 'flake8' to check Python code syntax and style conventions
[2.138s] -- Configured 'flake8' exclude dirs and/or files: 
[2.139s] -- Added test 'lint_cmake' to check CMake code style
[2.140s] -- Added test 'pep257' to check Python code against some of the docstring style conventions in PEP 257
[2.141s] -- Added test 'uncrustify' to check C / C++ code style
[2.141s] -- Configured uncrustify additional arguments: 
[2.142s] -- Added test 'xmllint' to check XML markup files
[2.144s] -- Configuring done (2.0s)
[2.332s] -- Generating done (0.1s)
[2.348s] -- Build files have been written to: /home/tony/progetti_ros/RP/ws/build/arm_sim
[2.462s] [ 33%] [32mBuilding CXX object CMakeFiles/arm_node.dir/src/arm_node.cpp.o[0m
[2.463s] [ 66%] [32mBuilding CXX object CMakeFiles/arm_node.dir/src/kinematics.cpp.o[0m
[3.090s] [01m[K/home/tony/progetti_ros/RP/ws/arm_sim/src/arm_node.cpp:9:10:[m[K [01;31m[Kfatal error: [m[Kvisualization_msgs/msg/marker.hpp: No such file or directory
[3.091s]     9 | #include [01;31m[K"visualization_msgs/msg/marker.hpp"[m[K
[3.091s]       |          [01;31m[K^~~~~~~~~~~~~~~~~~~~~~~~~~~~~~~~~~~[m[K
[3.091s] compilation terminated.
[3.099s] gmake[2]: *** [CMakeFiles/arm_node.dir/build.make:76: CMakeFiles/arm_node.dir/src/arm_node.cpp.o] Error 1
[3.099s] gmake[2]: *** Waiting for unfinished jobs....
[13.998s] gmake[1]: *** [CMakeFiles/Makefile2:137: CMakeFiles/arm_node.dir/all] Error 2
[13.998s] gmake: *** [Makefile:146: all] Error 2
[14.001s] Invoked command in '/home/tony/progetti_ros/RP/ws/build/arm_sim' returned '2': CMAKE_PREFIX_PATH=${CMAKE_PREFIX_PATH}:/home/tony/ros2_jazzy/install/rqt_bag_plugins:/home/tony/ros2_jazzy/install/rqt_bag:/home/tony/ros2_jazzy/install/rosbag2_examples_py:/home/tony/ros2_jazzy/install/launch_testing_examples:/home/tony/ros2_jazzy/install/ros2bag:/home/tony/ros2_jazzy/install/tracetools_test:/home/tony/ros2_jazzy/install/tracetools_launch:/home/tony/ros2_jazzy/install/topic_monitor:/home/tony/ros2_jazzy/install/tf2_tools:/home/tony/ros2_jazzy/install/examples_tf2_py:/home/tony/ros2_jazzy/install/tf2_ros_py:/home/tony/ros2_jazzy/install/examples_rclpy_pointcloud_publisher:/home/tony/ros2_jazzy/install/sensor_msgs_py:/home/tony/ros2_jazzy/install/quality_of_service_demo_py:/home/tony/ros2_jazzy/install/camera_info_manager_py:/home/tony/ros2_jazzy/install/rqt_plot:/home/tony/ros2_jazzy/install/ros2doctor:/home/tony/ros2_jazzy/install/lifecycle_py:/home/tony/ros2_jazzy/install/examples_rclpy_minimal_subscriber:/home/tony/ros2_jazzy/install/examples_rclpy_minimal_service:/home/tony/ros2_jazzy/install/examples_rclpy_minimal_publisher:/home/tony/ros2_jazzy/install/examples_rclpy_minimal_client:/home/tony/ros2_jazzy/install/examples_rclpy_executors:/home/tony/ros2_jazzy/install/demo_nodes_py:/home/tony/ros2_jazzy/install/rqt:/home/tony/ros2_jazzy/install/ros2component:/home/tony/ros2_jazzy/install/sros2:/home/tony/ros2_jazzy/install/rqt_topic:/home/tony/ros2_jazzy/install/rqt_srv:/home/tony/ros2_jazzy/install/rqt_shell:/home/tony/ros2_jazzy/install/rqt_service_caller:/home/tony/ros2_jazzy/install/rqt_reconfigure:/home/tony/ros2_jazzy/install/rqt_py_console:/home/tony/ros2_jazzy/install/rqt_publisher:/home/tony/ros2_jazzy/install/rqt_action:/home/tony/ros2_jazzy/install/rqt_msg:/home/tony/ros2_jazzy/install/rqt_console:/home/tony/ros2_jazzy/install/rqt_graph:/home/tony/ros2_jazzy/install/rqt_gui_py:/home/tony/ros2_jazzy/install/rqt_gui:/home/tony/ros2_jazzy/install/ros2trace:/home/tony/ros2_jazzy/install/ros2param:/home/tony/ros2_jazzy/install/ros2lifecycle:/home/tony/ros2_jazzy/install/ros2service:/home/tony/ros2_jazzy/install/ros2topic:/home/tony/ros2_jazzy/install/ros2test:/home/tony/ros2_jazzy/install/ros2run:/home/tony/ros2_jazzy/install/ros2plugin:/home/tony/ros2_jazzy/install/ros2launch:/home/tony/ros2_jazzy/install/ros2pkg:/home/tony/ros2_jazzy/install/ros2node:/home/tony/ros2_jazzy/install/ros2multicast:/home/tony/ros2_jazzy/install/ros2interface:/home/tony/ros2_jazzy/install/ros2action:/home/tony/ros2_jazzy/install/ros2cli:/home/tony/ros2_jazzy/install/launch_testing_ros:/home/tony/ros2_jazzy/install/launch_ros:/home/tony/ros2_jazzy/install/examples_rclpy_minimal_action_server:/home/tony/ros2_jazzy/install/examples_rclpy_minimal_action_client:/home/tony/ros2_jazzy/install/examples_rclpy_guard_conditions:/home/tony/ros2_jazzy/install/action_tutorials_py:/home/tony/ros2_jazzy/install/ament_uncrustify:/home/tony/ros2_jazzy/install/tracetools_trace:/home/tony/ros2_jazzy/install/tracetools_read:/home/tony/ros2_jazzy/install/test_tracetools_launch:/home/tony/ros2_jazzy/install/test_ros2trace:/home/tony/ros2_jazzy/install/test_launch_ros:/home/tony/ros2_jazzy/install/rpyutils:/home/tony/ros2_jazzy/install/rosidl_runtime_py:/home/tony/ros2_jazzy/install/rosidl_pycommon:/home/tony/ros2_jazzy/install/rosidl_cli:/home/tony/ros2_jazzy/install/launch_pytest:/home/tony/ros2_jazzy/install/launch_testing:/home/tony/ros2_jazzy/install/launch_yaml:/home/tony/ros2_jazzy/install/launch_xml:/home/tony/ros2_jazzy/install/launch:/home/tony/ros2_jazzy/install/osrf_pycommon:/home/tony/ros2_jazzy/install/domain_coordinator:/home/tony/ros2_jazzy/install/ament_xmllint:/home/tony/ros2_jazzy/install/ament_pyflakes:/home/tony/ros2_jazzy/install/ament_pycodestyle:/home/tony/ros2_jazzy/install/ament_pep257:/home/tony/ros2_jazzy/install/ament_pclint:/home/tony/ros2_jazzy/install/ament_package:/home/tony/ros2_jazzy/install/ament_mypy:/home/tony/ros2_jazzy/install/ament_lint_cmake:/home/tony/ros2_jazzy/install/ament_flake8:/home/tony/ros2_jazzy/install/ament_copyright:/home/tony/ros2_jazzy/install/ament_lint:/home/tony/ros2_jazzy/install/ament_index_python:/home/tony/ros2_jazzy/install/ament_cpplint:/home/tony/ros2_jazzy/install/ament_cppcheck:/home/tony/ros2_jazzy/install/ament_clang_tidy:/home/tony/ros2_jazzy/install/ament_clang_format DEBUGINFOD_URLS=https://debuginfod.ubuntu.com /usr/bin/cmake --build /home/tony/progetti_ros/RP/ws/build/arm_sim -- -j4 -l4
